<?xml version="1.0" encoding="UTF-8"?>
<testng-results total="2" passed="2" failed="0" skipped="0">
  <reporter-output>
  </reporter-output>
  <suite started-at="2022-06-22T11:36:33Z" name="Default suite" finished-at="2022-06-22T11:37:20Z" duration-ms="46832">
    <groups>
    </groups>
    <test started-at="2022-06-22T11:36:33Z" name="Default test" finished-at="2022-06-22T11:37:20Z" duration-ms="46832">
      <class name="qa_googleDrive">
        <test-method signature="qaMain()[pri:0, instance:qa_googleDrive@117159c0]" started-at="2022-06-22T17:06:33Z" name="qaMain" finished-at="2022-06-22T17:07:20Z" duration-ms="46818" status="PASS">
          <reporter-output>
          </reporter-output>
        </test-method> <!-- qaMain -->
        <test-method signature="qa2Main()[pri:0, instance:qa_googleDrive@117159c0]" started-at="2022-06-22T17:07:20Z" name="qa2Main" finished-at="2022-06-22T17:07:20Z" duration-ms="1" status="PASS">
          <reporter-output>
          </reporter-output>
        </test-method> <!-- qa2Main -->
      </class> <!-- qa_googleDrive -->
    </test> <!-- Default test -->
  </suite> <!-- Default suite -->
</testng-results>
